[2025-07-23 20:31:31] FSVPSParser: Перейти на старую версию сайта
РОССЕЛЬХОЗНАДЗОР
Федеральная служба по ветеринарному и фитосанитарному надзору
О Россельхознадзоре
Деятельность
Пресс-служба
Для граждан
Контакты
Подать заявление на выдачу разрешений на ввоз подкарантинной продукции в целях её использования для посевов и посадок
Подробнее
Previous
Next
1
2
3
4
5
6
7
8
9
10
11
12
13
14
15
16
Открытые данные
Экспорт/импорт
Информационные системы
Электронная приемная
Противодействие коррупции
Выезд за рубеж с домашними питомцами
Госуслуги
Общественный совет
ФГИС «ВетИС» переведена в штатный режим работы с 09:00 23 июля 2025 г.
Главные новости
Читать все
Previous
23.07.2025
Сергей Данкверт встретился с губернатором Забайкальского края Александром Осиповым
23.07.2025
Сергей Данкверт посетил с рабочим визитом Читу
23.07.2025
Россельхознадзор перевел ФГИС «ВетИС» в штатный режим работы
Next
1
2
3
Информационные системы
Читать все
23.07.2025
Факт высева 36 тонн несортовых семян сои в Тульской области выявлен Россельхознадзором с помощью ФГИС «Семеноводство»
23.07.2025
В Приангарье с помощью ФГИС «Семеноводство» выявлено 25 нарушений обязательных требований законодательства
23.07.2025
Россельхознадзор перевел ФГИС «ВетИС» в штатный режим работы
Новости науки
Читать все
23.07.2025
Подведомственное Россельхознадзору ФГБУ «ВГНКИ» запускает в производство тест-культуру простейших Stylonichia mytilus для исследований кормов, продуктов питания и объектов окружающей среды
23.07.2025
Ученые подведомственного Россельхознадзору ФГБУ «ВНИИКР» проводят совместные исследования болезней зерновых культур с коллегами из Белоруссии
21.07.2025
Лаборатория Кировского филиала подведомственного Россельхознадзору ФГБУ «ВНИИКР» защитила квалификацию в области карантина растений и расширила область аккредитации
Новости регионов
Читать все
23.07.2025
Специалисты московской референс-лаборатории подведомственного Россельхознадзору ФГБУ «НЦБРСП» исследовали таймырскую рыбу
23.07.2025
В Ульяновской области Россельхознадзором проконтролирована первая в этом году партия бахчевых культур из Казахстана
23.07.2025
С начала года сотрудниками Россельхознадзора в ЛНР присвоено более 25 категорий риска в сфере обращения ветеринарных препаратов
Территориальные управления Россельхознадзора
Научно-исследовательские институты Россельхознадзора
Референтные центры Россельхознадзора
Пограничные пункты пропуска
Федеральные казенные предприятия
Центральный федеральный округ
Северо-Западный федеральный округ
Южный федеральный округ
Северо-Кавказский федеральный округ
Приволжский федеральный округ
Уральский федеральный округ
Сибирский федеральный округ
Дальневосточный федеральный округ
Управление Федеральной службы по ветеринарному и фитосанитарному надзору по городу Москва, Московской и Тульской областям
И.о. руководителя:
Князева Оксана Викторовна
Заместитель руководителя:
Муслимов Георгий Зявдиевич
Заместитель руководителя:
Кошелева Елена Васильевна
Заместитель руководителя:
Васин Дмитрий Владимирович
Заместитель руководителя:
Николаичева Ольга Васильевна
Заместитель руководителя:
Осипов Константин Игоревич
Адрес: 
123308, г. Москва, проспект Маршала Жукова, д.1
Телефон: 
(495) 198-06-76
Телефон: 
(925) 081-58-16 (для СМИ)
Факс: 
(495) 198-05-97
Email: 
rshn10@fsvps.gov.ru
https://777.fsvps.gov.ru
Управление Федеральной службы по ветеринарному и фитосанитарному надзору по Владимирской, Костромской и Ивановской областям
Управление Федеральной службы по ветеринарному и фитосанитарному надзору по Воронежской, Белгородской и Липецкой областям
Управление Федеральной службы по ветеринарному и фитосанитарному надзору по Брянской, Смоленской и Калужской областям
Управление Федеральной службы по ветеринарному и фитосанитарному надзору по Орловской и Курской областям
Управление Федеральной службы по ветеринарному и фитосанитарному надзору по Рязанской и Тамбовской областям
Управление Федеральной службы по ветеринарному и фитосанитарному надзору по Тверской и Ярославской областям
Решаем вместе
Сообщить о проблеме в сфере ветеринарного, фитосанитарного и земельного надзора

Написать
Важная информация
Открытые данные
Информационные материалы по АЧС
Регионализация территории РФ
Ограничения на поставки в РФ растительной продукции
Горячие линии по экспорту продукции
Лицензирование зоопарков, цирков, дельфинариев и океанариумов
Как начать работать во ФГИС «Меркурий»
Обязательные требования
Показать еще
Медиа
Видео
Смотреть все видео
24.06.2025
Специальный репортаж о развитии ветеринарной отрасли и рынке ветеринарных препаратов в России
Смотреть
20.06.2025
Видео: Интервью Сергея Данкверта телеканалу «НТВ» на полях ПМЭФ-2025
Смотреть
Полезные ссылки
Информация о государственных муниципальных учреждениях
BUS.GOV.RU
Федеральное агентство по рыболовству
FISH.GOV.RU
Федеральный портал государственной службы и управленческих кадров
GOSSLUZHBA.GOV.RU
Нормативные правовые акты в Российской Федерации
PRAVO.MINJUST.RU
ЕЭК
EEC.EAEUNION.ORG
Министерство сельского хозяйства Российской Федерации
MCX.GOV.RU
#МЫВМЕСТЕ
МЫВМЕСТЕ.РФ
ОБЪЯСНЯЕМ.РФ
ОБЪЯСНЯЕМ.РФ
Госключ
GOSUSLUGI.RU
Федеральный проект
"Государство для людей"
ГОСУДАРСТВОДЛЯЛЮДЕЙ.РФ
Мой экспорт
MYEXPORT.EXPORTCENTER.RU
Органы государственной власти
Президент РФ
KREMLIN.RU
Правительство РФ
GOVERNMENT.RU
Совет федерации РФ
COUNCIL.GOV.RU
Государственная дума РФ
DUMA.GOV.RU
Верховный суд РФ
VSRF.RU
Конституционный суд РФ
KSRF.RU
Дата создания: 16.07.2022, 10:42
Дата последнего изменения: 23.07.2025, 09:25
Контактная информация:
Адрес:
107996, Москва,
Орликов переулок, 1/11
Обратная связь:
Электронная приемная
Форум
Всемирная организация здоровья животных
Международный портал фитосанитарии
Портал государственных услуг
Карта сайта
© Федеральная служба по ветеринарному и фитосанитарному надзору (Россельхознадзор). 2007 — 2025. --> Text length need to be between 0 and 5000 characters
[2025-07-23 20:32:08] ProMEDParser: ISID
Donate
Subscribe
Login
HOME
ABOUT
OUR TEAM
PROMED NEWS
SUBMIT INFO
PARTNERS
SEARCH
Protecting Global Health, One Alert at a Time
ProMED: Your 24/7 early warning system for emerging infectious diseases worldwide.
Subscribe
ProMED's Weekly Pulse
A snapshot of global health events from the past 7 days
Latest Posts on ProMED All
ProMED All
Date Title
WED JUL 23 2025
RABIES - INDIA (19): DOG BITE CUMULATIVE CASES, RABIES DEATHS IN 2024
WED JUL 23 2025
AMOEBIC MENINGOENCEPHALITIS, PRIMARY - USA (03): (SOUTH CAROLINA) FATALITY
WED JUL 23 2025
TULAREMIA - GERMANY: (NORTH RHINE-WESTPHALIA) WILD RABBIT, SUSPECTED
WED JUL 23 2025
BACTERIAL RING ROT, POTATO - LITHUANIA
WED JUL 23 2025
RABIES - MYANMAR (02): (TAUNGOO) DOG, WOAH
WED JUL 23 2025
RABIES - THAILAND (09): LIVESTOCK, CAT, DOG, WOAH
WED JUL 23 2025
AFRICAN SWINE FEVER - ASIA (93): BHUTAN (TSIRANG) DOMESTIC, WOAH
WED JUL 23 2025
CHIKUNGUNYA - CHINA (02): (GUANGDONG) INCREASE, ALERT
WED JUL 23 2025
GASTROENTERITIS - USA (04): CRUISE SHIP, CDC, PROBABLE NOROVIRUS
WED JUL 23 2025
CHOLERA - SUDAN (06): (NORTH DARFUR) SURGE
WED JUL 23 2025
AVIAN INFLUENZA, HUMAN - CAMBODIA (04): (TBONG KHMUM) H5N1
WED JUL 23 2025
AVIAN INFLUENZA (99): VIET NAM (DAK LAK) HPAI H5N1, POULTRY, CULL (CORRECTED-NO H5N6)
WED JUL 23 2025
DENGUE - BANGLADESH (28): UPDATE
WED JUL 23 2025
AFRICAN SWINE FEVER - ASIA (92): BHUTAN (CHHUKHA) DOMESTIC, WOAH
WED JUL 23 2025
AVIAN INFLUENZA, HUMAN - CHINA (09): (GUANGXI, HUBEI) H9N2
WED JUL 23 2025
COMMUNICABLE DISEASES - CHINA: (HONG KONG) INFLUENZA, COVID-19, HFMD, CHIKUNGUNYA
WED JUL 23 2025
AFRICAN SWINE FEVER - ASIA (91): INDONESIA (KEPULAUAN RIAU) DOMESTIC, WOAH
WED JUL 23 2025
AVIAN INFLUENZA (98): CAMBODIA (KRATIE, BATTAMBANG) HPAI H5N1, POULTRY, WOAH
WED JUL 23 2025
SURVEILLANCE (234): CHINA, MYCOPLASMA BOVIS, FLUOROQUINOLONE RESISTANCE MUTATIONS, CATTLE, TACKLING ANTIMICROBIAL RESISTANCE, 2008-2023, RESEARCH LETTER
WED JUL 23 2025
ANTIBIOTIC STEWARDSHIP (173): CHINA, NATIONAL CENTRALIZED DRUG PROCUREMENT POLICY, ANTIBIOTIC PRESCRIPTION RATE, IMPACT, 2019-2023
WED JUL 23 2025
ANTIMICROBIAL ENVIRONMENTAL CONTAMINATION (52): ROMANIA, AQUATIC ENVIRONMENTS, NEGLECTED ENTEROBACTERALES, ANTIMICROBIAL RESISTANCE GENES, BIOFILM
WED JUL 23 2025
ANTIMICROBIAL STEWARDSHIP (172): ROMANIA, MULTIDRUG-RESISTANT TUBERCULOSIS, EXTENSIVELY DRUG-RESISTANT TUBERCULOSIS, PHENOTYPIC VERSUS GENOTYPIC METHODS
WED JUL 23 2025
HAND, FOOT & MOUTH DISEASE - PHILIPPINES: (NEGROS OCCIDENTAL) INCREASE
WED JUL 23 2025
SCOMBROID FISH POISONING - CANADA: JARRED ANCHOVIES, ALERT, RECALL
WED JUL 23 2025
MEASLES - GLOBAL: WHO
TUE JUL 22 2025
MELIOIDOSIS - TAIWAN: INCREASED CASES, CLIMATE RELATED
TUE JUL 22 2025
DENGUE - TAIWAN: IMPORTED CASES
TUE JUL 22 2025
LEPTOSPIROSIS - INDIA: (ASSAM) LEPTOSPIRA WOLFFII, HEPATITIS A VIRUS CO-INFECTION
TUE JUL 22 2025
Корь - Молдова (4)
TUE JUL 22 2025
Зарубежное эпидобозрение - лихорадка Ласса - Нигерия (4)
TUE JUL 22 2025
Конго-Крымская геморрагическая лихорадка - Казахстан (Кызылординская область (2), Туркестанская область)
TUE JUL 22 2025
SARAMPIÓN – BOLIVIA: (COCHABAMBA) VACUNACIÓN PREVENTIVA EN CENTROS PENITENCIARIOS
TUE JUL 22 2025
YELLOW FEVER - AMERICAS (40): COLOMBIA, UPDATE, ALERT
TUE JUL 22 2025
BOTULISM, AVIAN - FRANCE: (PAYS DE LA LOIRE) WATERFOWL
TUE JUL 22 2025
AFRICAN SWINE FEVER - ASIA (90): VIET NAM (QUANG TRI) DOMESTIC, SPREAD
TUE JUL 22 2025
FOOT & MOUTH DISEASE - VIET NAM (02): (QUANG NGAI) CATTLE, CONTROL
TUE JUL 22 2025
RABIES - VIET NAM (19): (QUANG NGAI) DOG, HUMAN EXPOSURE
TUE JUL 22 2025
INFLUENZA H5N1 – ESPAÑA: (EXTREMADURA) BROTE EN GRANJA PRODUCTORA DE PAVOS, AVES SILVESTRES INFECTADAS
TUE JUL 22 2025
MEASLES - MONGOLIA (03): FATAL
TUE JUL 22 2025
ANTHRAX - CHAD: HIPPOPOTAMUS, SUSPECTED
TUE JUL 22 2025
SOUTHERN RICE BLACK STREAKED DWARF VIRUS - INDIA: (HARYANA)
TUE JUL 22 2025
SALMONELLOSIS, SEROTYPES MUENCHEN, LOME - USA: GECKOS
TUE JUL 22 2025
STEWART'S WILT, MAIZE - IRAN: FIRST REPORT
TUE JUL 22 2025
HEPATITIS A - INDIA (03): (MAHARASHTRA)
TUE JUL 22 2025
SURVEILLANCE (233): TURKIYE, ELDERLY PATIENTS, URINARY TRACT INFECTIONS, CARBAPENEM RESISTANCE, EXTENDED-SPECTRUM BETA-LACTAMASE, GRAM NEGATIVE BACTERIA, RISK FACTORS, 2019-2024
TUE JUL 22 2025
AVIAN INFLUENZA (97): CAMBODIA (KAMPONG CHHNANG) HPAI H5N1, POULTRY, WOAH
TUE JUL 22 2025
FOOT & MOUTH DISEASE - MONGOLIA (02): (ULAANBAATAR) SHEEP, SEROTYPE O, WOAH
TUE JUL 22 2025
AFRICAN SWINE FEVER - ASIA (89): MALAYSIA (PENANG) DOMESTIC, CULL
TUE JUL 22 2025
DENGUE - VIET NAM (08): (DAK LAK) FATAL
TUE JUL 22 2025
AFRICAN SWINE FEVER - ASIA (88): VIET NAM (SON LA) DOMESTIC, SPREAD
TUE JUL 22 2025
MEASLES - CANADA (36): COUNTRY-WIDE
TUE JUL 22 2025
RABIES - ROMANIA: (IASI) DOG BITE, FATAL
TUE JUL 22 2025
SURVEILLANCE (232): CHINA, PSEUDOMONAS AERUGINOSA, PATHOGENIC MECHANISMS, SYNERGISTIC, VIRULENCE FACTORS, QUORUM SENSING, BIOFILM FORMATION, REVIEW
TUE JUL 22 2025
CRYPTOSPORIDIOSIS - USA (02): (MONTANA) RESTAURANT, TURKEY SANDWICH
TUE JUL 22 2025
MELIOIDOSIS - MALAYSIA: (SARAWAK) WORKERS, FATALITIES
TUE JUL 22 2025
LYME DISEASE - USA (02): (WEST VIRGINIA) INCREASED CASES
TUE JUL 22 2025
SALMONELLOSIS - UKRAINE: (LVIV) RESTAURANT
TUE JUL 22 2025
HEPATITIS B - UGANDA: VACCINATION, NEWBORNS
TUE JUL 22 2025
MPOX - SIERRA LEONE (07): EPIDEMIC UPDATE, CLADE II CONFIRMED
TUE JUL 22 2025
TICK-BORNE ENCEPHALITIS - SWITZERLAND
MON JUL 21 2025
SARAMPIÓN – CANADÁ: BROTE DE NIVELES HISTÓRICOS, RETICENCIA A LA VACUNACIÓN EN COMUNIDADES RELIGIOSAS, POBLACIONES CON BAJA COBERTURA VACUNAL
MON JUL 21 2025
Зарубежное эпидобозрение – (вспышка кишечной инфекции на круизном лайнере) – США
MON JUL 21 2025
Геморрагическая лихорадка с почечным синдромом – Россия (Оренбургская область)
MON JUL 21 2025
CRIMEAN-CONGO HEMORRHAGIC FEVER - IRAQ (34): FATAL, MOH UPDATE / حمى القرم الكنغولية النزفية - العراق (34): مميتة، تحديث وزارة الصحة
MON JUL 21 2025
RESEARCH & INNOVATION (173): CHINA, SELF-ASSEMBLING PEPTIDE NANOFIBERS, COMBATING ANTIMICROBIAL RESISTANCE, MOUSE MODEL
MON JUL 21 2025
SYPHILIS - RWANDA: CONGENITAL
MON JUL 21 2025
GASTROENTERITIS - MALDIVES: SURGE, ALERT
MON JUL 21 2025
TRAVEL-RELATED ILLNESSES - UK: UK HEALTH SECURITY AGENCY
MON JUL 21 2025
BRUCELLOSIS - CHINA: (JIANGSU) UNPASTEURIZED SHEEP COLOSTRUM
MON JUL 21 2025
FOODBORNE ILLNESS - VIET NAM (07): (HUE) MEMORIAL SERVICE MEALS, REQUEST FOR INFORMATION
MON JUL 21 2025
FIEBRE AMARILLA – COLOMBIA (06): (TOL) BROTE SELVÁTICO, EPIZOOTIAS PERSISTENTES, REPUNTE DE CASOS Y MUERTES
MON JUL 21 2025
MALARIA - SOUTH KOREA: (INCHEON)
MON JUL 21 2025
DIPHTHERIA - NIGERIA (07): NORTHERN STATES
MON JUL 21 2025
GASTROENTERITIS - INDIA (02): (JHARKHAND) CONTAMINATED WATER
MON JUL 21 2025
RABIES - INDIA (18): (KARNATAKA) DOG BITE INCIDENCE, UPDATE
MON JUL 21 2025
HEPATITIS A - INDIA (04): (MAHARASHTRA) INCREASED CASES/SEVERITY, CLIMATE RELATED
MON JUL 21 2025
CHOLERA - POLAND: (ZACHODNIOPOMORSKIE) AUTOCHTHONOUS
MON JUL 21 2025
AFRICAN SWINE FEVER - UGANDA (02): (LUWERO) QUARANTINE, PIG
MON JUL 21 2025
CHIKUNGUNYA (31): CHINA (GUANGDONG) UPDATE
MON JUL 21 2025
STRAY DOG CONTROL - MALAYSIA: (JOHOR) RABIES, LEPTOSPIROSIS, SALMONELLA, PREVENTION
MON JUL 21 2025
AFRICAN SWINE FEVER - ASIA (87): VIET NAM (GIA LAI) IMPLEMENTATION OF EPIDEMIC PREVENTION AND CONTROL MEASURES
MON JUL 21 2025
Геморрагическая лихорадка с почечным синдромом - Россия (Республика Удмуртия (5))
MON JUL 21 2025
Зарубежное эпидобозрение - Vibrio vulnificus (летальные исходы) - США, Флорида
MON JUL 21 2025
Зарубежное эпидобозрение - бешенство (летальный исход) - Румыния
MON JUL 21 2025
ANTIMICROBIAL ENVIRONMENTAL CONTAMINATION (51): PSEUDOMONAS AERUGINOSA, VETERINARY CLINICS, BIOFILM, RESISTANCE MECHANISMS
MON JUL 21 2025
Зарубежное эпидобозрение – оспа обезьян - Гана, Таиланд
SUN JUL 20 2025
CHOLERA - YEMEN (04): INCREASING INCIDENCE, FATAL / الكوليرا - اليمن(4): تزايد الحالات،مميتة
SUN JUL 20 2025
ANTIMICROBIAL STEWARDSHIP (171): ITALY, SURGICAL SITE INFECTION INCIDENCE, ANTIBIOTIC PROPHYLAXIS, PANCREATIC SURGERY
SUN JUL 20 2025
RESEARCH AND INNOVATION (172): TIME EVOLUTION OF BACTERIAL RESISTANCE OBSERVED WITH PRINCIPAL COMPONENT ANALYSIS
SUN JUL 20 2025
SURVEILLANCE (230): AQUACULTURE, ALTERNATIVE APPROACHES, TACKLING ANTIMICROBIAL RESISTANCE, REVIEW
SUN JUL 20 2025
RESEARCH & INNOVATION (171): STAPHYLOCOCCUS SIMULANS, QUORUM SENSING INHIBITORS, COMMENSAL AND PATHOGENIC STAPHYLOCOCCI, MOUSE MODEL
SUN JUL 20 2025
MALARIA - ETHIOPIA: HALF A MILLION CASES IN A MONTH, ALERT
SUN JUL 20 2025
RABIES - INDIA (17): (MAHARASHTRA) COW, HUMAN EXPOSURE FROM MILK, RUMOR
SUN JUL 20 2025
MPOX - THAILAND: NATIONAL SUMMARY, SPREAD IN HIGH-RISK GROUPS
SUN JUL 20 2025
PERTUSSIS - JAPAN (06): INCREASE, NEED FOR COMPLETE VACCINATION FOR VISITING CHILDREN
SUN JUL 20 2025
HEPATITIS B - SOMALIA: ALARM
SUN JUL 20 2025
MALARIA - ZIMBABWE: CASE AND MORTALITY RISE
SUN JUL 20 2025
UNDIAGNOSED RESPIRATORY AND HEMORRHAGIC DISEASE - BRAZIL: (MINAS GERAIS) FATALITIES, REQUEST FOR INFORMATION
SUN JUL 20 2025
SYPHILIS - RWANDA: PREGNANT WOMEN AND NEWBORNS
SUN JUL 20 2025
DENGUE - NIGERIA (02): (EDO) CONFIRMED, NIGERIA CENTRE FOR DISEASE CONTROL AND PREVENTION, CHOLERA AND YELLOW FEVER ALERT
SUN JUL 20 2025
AFRICAN SWINE FEVER - ASIA (86): VIET NAM, COUNTRYWIDE SPREAD
SUN JUL 20 2025
RABIES - PHILIPPINES (10): (ILOCOS) DOGS, CATS, ANTI-RABIES VACCINATION
SUN JUL 20 2025
AFRICAN SWINE FEVER - ASIA (85): VIET NAM (LANG SON, THAI NGUYEN) DOMESTIC, CURRENT SITUATION
SUN JUL 20 2025
LEPTOSPIROSIS - PHILIPPINES (05): (MANILA) INCREASE, FATAL
SUN JUL 20 2025
CARBON MONOXIDE POISONING - IRAQ: (KARBALA) FATAL, REQUEST FOR INFORMATION / تسمم بغاز اول اوكسيد الكاربون - العراق: (كربلاء) مميتة، طلب معلومات
SUN JUL 20 2025
BOTULISM, COSMETIC USE - UK (03): (ENGLAND) POSSIBLE COUNTERFEIT PRODUCT, MORE CASES
SUN JUL 20 2025
PLAGUE - USA (03): (OREGON) FELINE-TO-HUMAN TRANSMISSION, EARLY SEASON CASE, POSSIBLE CLIMATE CHANGE EFFECT, CDC, 2024
SUN JUL 20 2025
Зарубежное эпидобозрение – легионеллез (вспышка, летальный исход, SPA) - Словакия
SUN JUL 20 2025
Зарубежное эпидобозрение – лихорадка чикунгунья - Китай
SUN JUL 20 2025
Токсокароз - Россия (Красноярский край)
SAT JUL 19 2025
SALMONELLOSIS - CANADA (09): DELI MEATS, MORE CASES, LARGER RECALL
SAT JUL 19 2025
LEGIONELLOSIS - CHINA (02): (HONG KONG) MORE CASES
SAT JUL 19 2025
LUMPY SKIN DISEASE - INDIA (02): (MAHARASHTRA) CATTLE, AWARENESS GENERATION
SAT JUL 19 2025
RESEARCH & INNOVATION (170): NON-ANTIBIOTIC DRUGS PROMOTE ENTEROPATHOGEN COLONIZATION
SAT JUL 19 2025
FOOT & MOUTH DISEASE - SYRIA (02): (DEIR-EZ-ZOR) LIVESTOCK, SPREAD, REQUEST FOR INFORMATION / مرض الحمى القلاعية – سوريا (دير الزور) (2): أبقار،أغنام، انتشار، طلب الحصول على معلومة
SAT JUL 19 2025
JAPANESE ENCEPHALITIS - INDIA (05): (NAGALAND) UPDATE, ALERT, FATAL
SAT JUL 19 2025
BOTULISM - VIET NAM (02): (QUANG NGAI) RICE AND PICKLED FISH MEAL
SAT JUL 19 2025
POTOMAC HORSE FEVER (03): (WASHINGTON) PACIFIC COUNTY HORSE
SAT JUL 19 2025
ZIKA VIRUS - THAILAND
SAT JUL 19 2025
PERTUSSIS - USA (12): (MISSISSIPPI, NORTH CAROLINA)
SAT JUL 19 2025
LEPTOSPIROSIS - PHILIPPINES (02): (METROPOLITAN MANILA) FLOODING, MORE CASES/FATALITIES
SAT JUL 19 2025
AFRICAN SWINE FEVER - ASIA (84): SOUTH KOREA (GYEONGGI) DOMESTIC
SAT JUL 19 2025
AFRICAN SWINE FEVER - ASIA (83): VIET NAM, MULTIPLE PROVINCES, SPREAD
SAT JUL 19 2025
SEVERE FEVER WITH THROMBOCYTOPENIA SYNDROME - JAPAN (07): (KANAGAWA)
SAT JUL 19 2025
Клещевой энцефалит - Россия (Омская область, Забайкальский край)
SAT JUL 19 2025
Менингококковая инфекция (данные за 5 месяцев 2025 года) - Россия
SAT JUL 19 2025
DIPHTHERIA - NIGERIA (06): (KADUNA) SUSPECTED, FATAL
FRI JUL 18 2025
RESEARCH & INNOVATION (169): ANTIMICROBIAL DISCOVERY WITH VENOMICS ARTIFICIAL INTELLIGENCE
FRI JUL 18 2025
TETANUS - THAILAND: (PATTANI) INCOMPLETELY VACCINATED CHILD
FRI JUL 18 2025
CHIKUNGUNYA, DENGUE - CHINA: (GUANGDONG) UPDATE
FRI JUL 18 2025
UNDIAGNOSED DEATHS, SPOTTED DEER - INDIA: (MAHARASHTRA) FOOT-AND-MOUTH DISEASE SUSPECTED, REQUEST FOR INFORMATION
FRI JUL 18 2025
TRICHINELLOSIS - ARGENTINA (03): (BUENOS AIRES) HOMEMADE PORK SAUSAGES
FRI JUL 18 2025
CHOLERA - DEMOCRATIC REPUBLIC OF CONGO (14): EPIDEMIC UPDATE
FRI JUL 18 2025
DIE-OFF, FISH - USA: (MONTANA) OXYGEN DEPLETION
FRI JUL 18 2025
MPOX - MOZAMBIQUE: (NIASSA) CONFIRMED CASES
FRI JUL 18 2025
CARBAPENEM-RESISTANT KLEBSIELLA PNEUMONIAE (04): CHINA, MULTISITE INFECTIONS, CLINICAL CHARACTERISTICS, RISK FACTORS
FRI JUL 18 2025
ANTIMICROBIAL STEWARDSHIP (170): SINGAPORE, ESCHERICHIA COLI AND KLEBSIELLA PNEUMONIAE, CEFOXITIN-NONSUSCEPTIBLE/CEFTRIAXONE-SUSCEPTIBLE, TREATMENT CHALLENGES
FRI JUL 18 2025
RESEARCH & INNOVATION (168): METHICILLIN-RESISTANT STAPHYLOCOCCUS AUREUS, INDUCE BACTERIAL CALCIFICATION, COMBATING ANTIMICROBIAL RESISTANCE
FRI JUL 18 2025
RESEARCH & INNOVATION (167): ENTEROPATHOGENS, NON-ANTIBIOTICS, DISRUPT COLONIZATION RESISTANCE
FRI JUL 18 2025
TRIQUINOSIS – ARGENTINA: (BUENOS AIRES) BROTE, HOSPITALIZACIONES, CONSUMO DE EMBUTIDOS DE CERDO NO CONTROLADOS
FRI JUL 18 2025
VIBRIO VULNIFICUS – EEUU: (FLORIDA) CASOS, MUERTES, AUMENTO ESTACIONAL DE TEMPERATURAS COSTERAS
FRI JUL 18 2025
SALMONELLOSIS, SEROTYPE ANATUM - USA: FROZEN BEAN SPROUTS, ALERT, RECALL, CDC
FRI JUL 18 2025
VIBRIO VULNIFICUS – EEUU: (FLORIDA) CASOS, MUERTES, AUMENTO ESTACIONAL DE TEMPERATURAS COSTERAS
FRI JUL 18 2025
LEGIONELLOSIS - SLOVAKIA: SPA WHIRLPOOL, FATALITY
FRI JUL 18 2025
ANTIMICROBIAL ENVIRONMENTAL CONTAMINATION (50): BANGLADESH, EXTENDED SPECTRUM BETA-LACTAMASE-PRODUCING ENTEROBACTERALES, POULTRY FARMS AND MARKETS, 2019-2021
FRI JUL 18 2025
HEAT EXHAUSTION - SUDAN: (RED SEA) INCREASING INCIDENCE, FATAL, MOH / ا ضربات الشمس- السودان :(البحر الاحمر ) تزايد الحالات،مميتة، وزارة الصح
FRI JUL 18 2025
RESEARCH & INNOVATION (166): CHINA, CAMPYLOBACTER JEJUNI, TRANSMISSION DYNAMICS OF ANTIMICROBIAL RESISTANCE GENES
FRI JUL 18 2025
PESTE DES PETITS RUMINANTS - LIBYA: (BENGHAZI) SHEEP, SUSPECTED / طاعون المجترات الصغيرة ء ليبيا: (بِنْغَازِي) الأغنام ،اشتباه
FRI JUL 18 2025
AFRICAN SWINE FEVER - ASIA (82): VIET NAM, INCREASING, MULTIPLE PROVINCES, ALERT
FRI JUL 18 2025
AVIAN INFLUENZA (96): CAMBODIA (KAMPOT) HPAI H5N1, POULTRY, WOAH
FRI JUL 18 2025
AFRICAN SWINE FEVER - ASIA (81): SOUTH KOREA (GYEONGGI) DOMESTIC, WILD, WOAH
FRI JUL 18 2025
CHIKUNGUNYA - CHINA: (HONG KONG) MOSQUITO-CONTROL MEASURES, RISK, ALERT
FRI JUL 18 2025
AFRICAN SWINE FEVER - ASIA (80): VIET NAM (PHU THO, DA NANG) SPREAD, ALERT
FRI JUL 18 2025
RABIES - VIET NAM (18): (BAC NINH) MULTIPLE DOG BITES
FRI JUL 18 2025
MPOX - KENYA (05): SURGE, ALARM
FRI JUL 18 2025
Зарубежное эпидобозрение – оспа обезьян (новые случаи) - Мозамбик
FRI JUL 18 2025
Сальмонеллез (вспышка) – Россия (Екатеринбург, Республика Адыгея (2)
FRI JUL 18 2025
SALMONELLOSIS, SEROTYPE ORANIENBURG, CYCLOSPORIASIS: FDA, UNDEFINED SOURCES
FRI JUL 18 2025
PLAGUE - MONGOLIA: (BAYAN-ULGII) MARMOT EXPOSURE
FRI JUL 18 2025
BOTULISM - USA (10): UNEVISCERATED FISH, ex KAZAKHSTAN, RISK, RECALL
FRI JUL 18 2025
TETANUS - INDIA: (UTTAR PRADESH)
THU JUL 17 2025
MPOX - DEMOCRATIC REPUBLIC OF CONGO (05): EPIDEMIC UPDATE
THU JUL 17 2025
VACCINE PREVENTABLE DISEASES - GUINEA: UPDATE
THU JUL 17 2025
MPOX - GUINEA (05): EPIDEMIC UPDATE
THU JUL 17 2025
SALMONELLOSIS - USA (10): (PENNSYLVANIA) UNPASTEURIZED MILK AND CHEESE
THU JUL 17 2025
TRACHOMA - SENEGAL: ELIMINATED AS PUBLIC HEALTH PROBLEM, WHO
THU JUL 17 2025
CORONAVIRUS DISEASE 2019 UPDATE (14): THAILAND, INDIA (MAHARASHTRA), BANGLADESH, USA
THU JUL 17 2025
CHOLERA - DEMOCRATIC REPUBLIC OF CONGO (13): (KINSHASA) ORPHANAGE, FATAL
THU JUL 17 2025
MALARIA - INDIA (10): (CHHATTISGARH) HOSTEL STUDENTS
THU JUL 17 2025
NIPAH VIRUS - INDIA (06): (KERALA) UPDATE
THU JUL 17 2025
FIEBRE AMARILLA – COLOMBIA: (ARAUCA) EX VENEZUELA, CASO HUMANO CONFIRMADO
THU JUL 17 2025
JAPANESE ENCEPHALITIS & OTHER - INDIA (06): (ASSAM)
THU JUL 17 2025
POLIOMIELITE - MUNDO (28), ATUALIZAÇÃO
THU JUL 17 2025
DENGUE - BANGLADESH (27): UPDATE
THU JUL 17 2025
LIVESTOCK DEATHS - SOUTH KOREA (02): FARM ANIMALS, HEATWAVE HITS
THU JUL 17 2025
AFRICAN SWINE FEVER - ASIA (79): MALAYSIA (PENANG) DOMESTIC, CULL
THU JUL 17 2025
AFRICAN SWINE FEVER - ASIA (78): VIET NAM, DOMESTIC, SPREAD, ALERT
THU JUL 17 2025
UNDIAGNOSED DEATHS - VIET NAM (02): DECOMPOSED PIGS, WATER CANALS, REQUEST FOR INFORMATION
THU JUL 17 2025
HEPATITIS D - USA: RATE OF CO-INFECTION IN HEPATITIS B INFECTION, 2023-2024
THU JUL 17 2025
TETANUS - RUSSIA: (KABARDINO-BALKARIA) UNVACCINATED CHILD
THU JUL 17 2025
UNDIAGNOSED DEATHS - KENYA: (MOMBASA) BOIL-LIKE SORES, REQUEST FOR INFORMATION
THU JUL 17 2025
BOTULISM - FRANCE: (PAYS DE LA LOIRE) JARRED CARROTS IN CAKE
THU JUL 17 2025
CARBAPENEM-RESISTANT ENTEROBACTERALES (02): CHINA, INCIDENCE, RISK FACTORS, HEMATOLOGY PATIENTS, 2019-2021
WED JUL 16 2025
CHIKUNGUNYA (30): CHINA (GUANGDONG) AUTOCHTHONOUS CASES
WED JUL 16 2025
Сибирская язва (14 случаев у человека с начала 2025 года) - Казахстан (Акмолинская область) (3)
WED JUL 16 2025
Корь (10 летальных исходов) - Кыргызстан (3)
WED JUL 16 2025
MALARIA - ROMANIA: (BUCHAREST) AUTOCHTHONOUS
WED JUL 16 2025
LEGIONELLOSIS - CANADA (02): (ONTARIO) GEOGRAPHIC CLUSTERING, MORE CASES, 2ND FATALITY
WED JUL 16 2025
Столбняк - Россия, Кабардино-Балкарская Республика
WED JUL 16 2025
CHOLERA - SUDAN (08): INCREASING INCIDENCE, FATAL, MOH UPDATE / الكوليرا - السودان(8): تزايد الحالات،مميتة، تحديث ، وزارة الصحة
WED JUL 16 2025
SURVEILLANCE (228): ITALY, CARBAPENEM RESISTANT ACINETOBACTER BAUMANNII, INTENSIVE CARE UNITS, GENOMIC STUDY, 2020-2022
WED JUL 16 2025
CORONAVIRUS DISEASE 2019 UPDATE - GHANA (02): (ACCRA)
Alert ID: 8725966
RABIES - INDIA (19): DOG BITE CUMULATIVE CASES, RABIES DEATHS IN 2024
Summary
In 2024, the central government reported on...
Viewing a partial summary generated by AI
Login
or
Subscribe
to unlock full articles
Why Choose ProMED?
Curated Reports by Human Experts
Our team of subject matter experts meticulously verifies and analyzes 5-20 critical health events daily. Unlike AI-driven systems, our human moderators provide nuanced context and expert commentary, ensuring you receive accurate, reliable, and actionable intelligence.
Comprehensive Historical Data
Gain access to our unparalleled archive spanning 30 years of outbreak data. This vast repository offers invaluable insights into disease patterns, emergence, and evolution, empowering researchers, policymakers, and health professionals with a robust historical context for current and future health challenges.
Trusted by Global Health Leaders
ProMED is the go-to resource for premier health organizations worldwide. From the World Health Organization (WHO) and the US Centers for Disease Control and Prevention (CDC) to cutting-edge AI-based systems and leading universities, our reports inform critical decision-making and research across the globe.
Unlock 30 Years of Outbreak Intelligence
Explore our vast archive of historical data to uncover trends, patterns, and insights that shape global health security.
Search Historical Data
International Society for
Infectious Diseases
867 Boylston Street
5th Floor #1985
Boston, MA 02116
USA
Phone +1-617-925-5272
Fax +1-617-865-7031
W ISID.org
ProMED Support
© 2025 International Society for Infectious Diseases. All Rights Reserved.
Support
Privacy Policy
Terms & Conditions
Limit The Use Of My Sensitive Information --> Text length need to be between 0 and 5000 characters
